Using pre-set license
Built from '2021.3/staging' branch; Version is '2021.3.5f1 (40eb3a945986) revision 4254522'; Using compiler version '192829333'; Build Type 'Release'
OS: 'Windows 10  (10.0.19044) 64bit CoreSingleLanguage' Language: 'es' Physical Memory: 8088 MB
BatchMode: 1, IsHumanControllingUs: 0, StartBugReporterOnCrash: 0, Is64bit: 1, IsPro: 1

COMMAND LINE ARGUMENTS:
C:\Program Files\Unity\Hub\Editor\2021.3.5f1\Editor\Unity.exe
-adb2
-batchMode
-noUpm
-name
AssetImportWorker0
-projectPath
C:/Users/j_air/UnityProjects/Prueba
-logFile
Logs/AssetImportWorker0.log
-srvPort
51940
Successfully changed project path to: C:/Users/j_air/UnityProjects/Prueba
C:/Users/j_air/UnityProjects/Prueba
[UnityMemory] Configuration Parameters - Can be set up in boot.config
    "memorysetup-bucket-allocator-granularity=16"
    "memorysetup-bucket-allocator-bucket-count=8"
    "memorysetup-bucket-allocator-block-size=33554432"
    "memorysetup-bucket-allocator-block-count=8"
    "memorysetup-main-allocator-block-size=16777216"
    "memorysetup-thread-allocator-block-size=16777216"
    "memorysetup-gfx-main-allocator-block-size=16777216"
    "memorysetup-gfx-thread-allocator-block-size=16777216"
    "memorysetup-cache-allocator-block-size=4194304"
    "memorysetup-typetree-allocator-block-size=2097152"
    "memorysetup-profiler-bucket-allocator-granularity=16"
    "memorysetup-profiler-bucket-allocator-bucket-count=8"
    "memorysetup-profiler-bucket-allocator-block-size=33554432"
    "memorysetup-profiler-bucket-allocator-block-count=8"
    "memorysetup-profiler-allocator-block-size=16777216"
    "memorysetup-profiler-editor-allocator-block-size=1048576"
    "memorysetup-temp-allocator-size-main=16777216"
    "memorysetup-job-temp-allocator-block-size=2097152"
    "memorysetup-job-temp-allocator-block-size-background=1048576"
    "memorysetup-job-temp-allocator-reduction-small-platforms=262144"
    "memorysetup-temp-allocator-size-background-worker=32768"
    "memorysetup-temp-allocator-size-job-worker=262144"
    "memorysetup-temp-allocator-size-preload-manager=33554432"
    "memorysetup-temp-allocator-size-nav-mesh-worker=65536"
    "memorysetup-temp-allocator-size-audio-worker=65536"
    "memorysetup-temp-allocator-size-cloud-worker=32768"
    "memorysetup-temp-allocator-size-gi-baking-worker=262144"
    "memorysetup-temp-allocator-size-gfx=262144"
Refreshing native plugins compatible for Editor in 259.68 ms, found 4 plugins.
Preloading 0 native plugins for Editor in 0.00 ms.
Initialize engine version: 2021.3.5f1 (40eb3a945986)
[Subsystems] Discovering subsystems at path C:/Program Files/Unity/Hub/Editor/2021.3.5f1/Editor/Data/Resources/UnitySubsystems
[Subsystems] Discovering subsystems at path C:/Users/j_air/UnityProjects/Prueba/Assets
GfxDevice: creating device client; threaded=0; jobified=0
Direct3D:
    Version:  Direct3D 11.0 [level 11.0]
    Renderer: NVIDIA GeForce 940MX (ID=0x134d)
    Vendor:   NVIDIA
    VRAM:     2010 MB
    Driver:   30.0.15.1179
Initialize mono
Mono path[0] = 'C:/Program Files/Unity/Hub/Editor/2021.3.5f1/Editor/Data/Managed'
Mono path[1] = 'C:/Program Files/Unity/Hub/Editor/2021.3.5f1/Editor/Data/MonoBleedingEdge/lib/mono/unityjit-win32'
Mono config path = 'C:/Program Files/Unity/Hub/Editor/2021.3.5f1/Editor/Data/MonoBleedingEdge/etc'
Using monoOptions --debugger-agent=transport=dt_socket,embedding=1,server=y,suspend=n,address=127.0.0.1:56208
Begin MonoManager ReloadAssembly
Registering precompiled unity dll's ...
Register platform support module: C:/Program Files/Unity/Hub/Editor/2021.3.5f1/Editor/Data/PlaybackEngines/WebGLSupport/UnityEditor.WebGL.Extensions.dll
Register platform support module: C:/Program Files/Unity/Hub/Editor/2021.3.5f1/Editor/Data/PlaybackEngines/WindowsStandaloneSupport/UnityEditor.WindowsStandalone.Extensions.dll
Registered in 0.012495 seconds.
Native extension for WindowsStandalone target not found
Native extension for WebGL target not found
Refreshing native plugins compatible for Editor in 197.08 ms, found 4 plugins.
Preloading 0 native plugins for Editor in 0.00 ms.
Mono: successfully reloaded assembly
- Completed reload, in  1.273 seconds
Domain Reload Profiling:
	ReloadAssembly (1274ms)
		BeginReloadAssembly (145ms)
			ExecutionOrderSort (0ms)
			DisableScriptedObjects (0ms)
			BackupInstance (0ms)
			ReleaseScriptingObjects (0ms)
			CreateAndSetChildDomain (2ms)
		EndReloadAssembly (918ms)
			LoadAssemblies (140ms)
			RebuildTransferFunctionScriptingTraits (0ms)
			SetupTypeCache (193ms)
			ReleaseScriptCaches (0ms)
			RebuildScriptCaches (56ms)
			SetupLoadedEditorAssemblies (569ms)
				LogAssemblyErrors (0ms)
				InitializePlatformSupportModulesInManaged (20ms)
				SetLoadedEditorAssemblies (0ms)
				RefreshPlugins (197ms)
				BeforeProcessingInitializeOnLoad (3ms)
				ProcessInitializeOnLoadAttributes (257ms)
				ProcessInitializeOnLoadMethodAttributes (92ms)
				AfterProcessingInitializeOnLoad (0ms)
				EditorAssembliesLoaded (0ms)
			ExecutionOrderSort2 (0ms)
			AwakeInstancesAfterBackupRestoration (0ms)
Platform modules already initialized, skipping
Registering precompiled user dll's ...
Registered in 0.013963 seconds.
Begin MonoManager ReloadAssembly
Symbol file LoadedFromMemory doesn't match image C:\Users\j_air\UnityProjects\Prueba\Library\PackageCache\com.unity.visualscripting@1.7.8\Editor\VisualScripting.Core\Dependencies\YamlDotNet\Unity.VisualScripting.YamlDotNet.dll
Symbol file LoadedFromMemory doesn't match image C:\Users\j_air\UnityProjects\Prueba\Library\PackageCache\com.unity.visualscripting@1.7.8\Editor\VisualScripting.Core\Dependencies\DotNetZip\Unity.VisualScripting.IonicZip.dll
Native extension for WindowsStandalone target not found
Native extension for WebGL target not found
Refreshing native plugins compatible for Editor in 169.31 ms, found 4 plugins.
Preloading 0 native plugins for Editor in 0.00 ms.
Mono: successfully reloaded assembly
- Completed reload, in  2.156 seconds
Domain Reload Profiling:
	ReloadAssembly (2158ms)
		BeginReloadAssembly (188ms)
			ExecutionOrderSort (0ms)
			DisableScriptedObjects (9ms)
			BackupInstance (0ms)
			ReleaseScriptingObjects (0ms)
			CreateAndSetChildDomain (30ms)
		EndReloadAssembly (1723ms)
			LoadAssemblies (208ms)
			RebuildTransferFunctionScriptingTraits (0ms)
			SetupTypeCache (431ms)
			ReleaseScriptCaches (1ms)
			RebuildScriptCaches (119ms)
			SetupLoadedEditorAssemblies (885ms)
				LogAssemblyErrors (0ms)
				InitializePlatformSupportModulesInManaged (10ms)
				SetLoadedEditorAssemblies (0ms)
				RefreshPlugins (169ms)
				BeforeProcessingInitializeOnLoad (176ms)
				ProcessInitializeOnLoadAttributes (441ms)
				ProcessInitializeOnLoadMethodAttributes (75ms)
				AfterProcessingInitializeOnLoad (12ms)
				EditorAssembliesLoaded (0ms)
			ExecutionOrderSort2 (0ms)
			AwakeInstancesAfterBackupRestoration (11ms)
Platform modules already initialized, skipping
========================================================================
Worker process is ready to serve import requests
Launched and connected shader compiler UnityShaderCompiler.exe after 0.09 seconds
Refreshing native plugins compatible for Editor in 0.93 ms, found 4 plugins.
Preloading 0 native plugins for Editor in 0.00 ms.
Unloading 4081 Unused Serialized files (Serialized files now loaded: 0)
Unloading 44 unused Assets / (222.3 KB). Loaded Objects now: 4531.
Memory consumption went from 153.4 MB to 153.2 MB.
Total: 5.704900 ms (FindLiveObjects: 0.368700 ms CreateObjectMapping: 0.316900 ms MarkObjects: 4.805000 ms  DeleteObjects: 0.212600 ms)

AssetImportParameters requested are different than current active one (requested -> active):
  custom:video-decoder-ogg-theora: a1e56fd34408186e4bbccfd4996cb3dc -> 
  custom:container-muxer-webm: aa71ff27fc2769a1b78a27578f13a17b -> 
  custom:container-demuxer-webm: 4f35f7cbe854078d1ac9338744f61a02 -> 
  custom:video-encoder-webm-vp8: eb34c28f22e8b96e1ab97ce403110664 -> 
  custom:audio-encoder-webm-vorbis: bf7c407c2cedff20999df2af8eb42d56 -> 
  custom:framework-win-MediaFoundation: 216162199b28c13a410421893ffa2e32 -> 
  custom:container-demuxer-ogg: 62fdf1f143b41e24485cea50d1cbac27 -> 
  custom:video-decoder-webm-vp8: 9c59270c3fd7afecdb556c50c9e8de78 -> 
  custom:audio-decoder-ogg-vorbis: bf7c407c2cedff20999df2af8eb42d56 -> 
========================================================================
Received Import Request.
  Time since last request: 187985.301662 seconds.
  path: Assets/Scenes/MainMenu.unity
  artifactKey: Guid(9ab80823bf9a97d4db8af486276fced1) Importer(815301076,1909f56bfc062723c751e8b465ee728b)
Start importing Assets/Scenes/MainMenu.unity using Guid(9ab80823bf9a97d4db8af486276fced1) Importer(815301076,1909f56bfc062723c751e8b465ee728b)  -> (artifact id: 'dd9d980af7b641ef4340d091b29e91b3') in 0.016316 seconds 
========================================================================
Received Prepare
Registering precompiled user dll's ...
Registered in 0.012595 seconds.
Begin MonoManager ReloadAssembly
Symbol file LoadedFromMemory doesn't match image C:\Users\j_air\UnityProjects\Prueba\Library\PackageCache\com.unity.visualscripting@1.7.8\Editor\VisualScripting.Core\Dependencies\YamlDotNet\Unity.VisualScripting.YamlDotNet.dll
Symbol file LoadedFromMemory doesn't match image C:\Users\j_air\UnityProjects\Prueba\Library\PackageCache\com.unity.visualscripting@1.7.8\Editor\VisualScripting.Core\Dependencies\DotNetZip\Unity.VisualScripting.IonicZip.dll
Native extension for WindowsStandalone target not found
Native extension for WebGL target not found
Refreshing native plugins compatible for Editor in 1.76 ms, found 4 plugins.
Preloading 0 native plugins for Editor in 0.00 ms.
Mono: successfully reloaded assembly
- Completed reload, in  3.129 seconds
Domain Reload Profiling:
	ReloadAssembly (3131ms)
		BeginReloadAssembly (293ms)
			ExecutionOrderSort (0ms)
			DisableScriptedObjects (18ms)
			BackupInstance (0ms)
			ReleaseScriptingObjects (0ms)
			CreateAndSetChildDomain (68ms)
		EndReloadAssembly (2540ms)
			LoadAssemblies (240ms)
			RebuildTransferFunctionScriptingTraits (1ms)
			SetupTypeCache (794ms)
			ReleaseScriptCaches (4ms)
			RebuildScriptCaches (197ms)
			SetupLoadedEditorAssemblies (1141ms)
				LogAssemblyErrors (0ms)
				InitializePlatformSupportModulesInManaged (44ms)
				SetLoadedEditorAssemblies (1ms)
				RefreshPlugins (2ms)
				BeforeProcessingInitializeOnLoad (236ms)
				ProcessInitializeOnLoadAttributes (715ms)
				ProcessInitializeOnLoadMethodAttributes (120ms)
				AfterProcessingInitializeOnLoad (23ms)
				EditorAssembliesLoaded (0ms)
			ExecutionOrderSort2 (0ms)
			AwakeInstancesAfterBackupRestoration (23ms)
Platform modules already initialized, skipping
Refreshing native plugins compatible for Editor in 9.32 ms, found 4 plugins.
Preloading 0 native plugins for Editor in 0.00 ms.
Unloading 4063 Unused Serialized files (Serialized files now loaded: 0)
Unloading 31 unused Assets / (190.0 KB). Loaded Objects now: 4534.
Memory consumption went from 152.1 MB to 151.9 MB.
Total: 8.454400 ms (FindLiveObjects: 0.465600 ms CreateObjectMapping: 0.513700 ms MarkObjects: 7.222700 ms  DeleteObjects: 0.250400 ms)

AssetImportParameters requested are different than current active one (requested -> active):
  custom:video-decoder-ogg-theora: a1e56fd34408186e4bbccfd4996cb3dc -> 
  custom:container-muxer-webm: aa71ff27fc2769a1b78a27578f13a17b -> 
  custom:container-demuxer-webm: 4f35f7cbe854078d1ac9338744f61a02 -> 
  custom:video-encoder-webm-vp8: eb34c28f22e8b96e1ab97ce403110664 -> 
  custom:audio-encoder-webm-vorbis: bf7c407c2cedff20999df2af8eb42d56 -> 
  custom:framework-win-MediaFoundation: 216162199b28c13a410421893ffa2e32 -> 
  custom:container-demuxer-ogg: 62fdf1f143b41e24485cea50d1cbac27 -> 
  custom:video-decoder-webm-vp8: 9c59270c3fd7afecdb556c50c9e8de78 -> 
  custom:audio-decoder-ogg-vorbis: bf7c407c2cedff20999df2af8eb42d56 -> 
========================================================================
Received Import Request.
  Time since last request: 42.688835 seconds.
  path: Assets/Scenes/Dormitorio.unity
  artifactKey: Guid(2cda990e2423bbf4892e6590ba056729) Importer(815301076,1909f56bfc062723c751e8b465ee728b)
Start importing Assets/Scenes/Dormitorio.unity using Guid(2cda990e2423bbf4892e6590ba056729) Importer(815301076,1909f56bfc062723c751e8b465ee728b)  -> (artifact id: '78e021f399d72f8945b732bf577bd008') in 0.020149 seconds 
========================================================================
Received Import Request.
  Time since last request: 1.385418 seconds.
  path: Assets/Scenes/Cocina.unity
  artifactKey: Guid(cfc7d5502c57c7c4382a63a6eda081a0) Importer(815301076,1909f56bfc062723c751e8b465ee728b)
Start importing Assets/Scenes/Cocina.unity using Guid(cfc7d5502c57c7c4382a63a6eda081a0) Importer(815301076,1909f56bfc062723c751e8b465ee728b)  -> (artifact id: 'eac9a818c6ee93029daffc4ee9df2673') in 0.019016 seconds 
========================================================================
Received Import Request.
  Time since last request: 25.599374 seconds.
  path: Assets/Scenes/Banio.unity
  artifactKey: Guid(afb8bd32ae8103a4c8237e5bf03bd54c) Importer(815301076,1909f56bfc062723c751e8b465ee728b)
Start importing Assets/Scenes/Banio.unity using Guid(afb8bd32ae8103a4c8237e5bf03bd54c) Importer(815301076,1909f56bfc062723c751e8b465ee728b)  -> (artifact id: '1d894695afad2bc613c3ce935c7cdb90') in 0.022944 seconds 
========================================================================
Received Import Request.
  Time since last request: 98.511816 seconds.
  path: Assets/Presets/sprite_base_2.png
  artifactKey: Guid(63087dc76e9cb1648a1f96939bcfcff0) Importer(815301076,1909f56bfc062723c751e8b465ee728b)
Start importing Assets/Presets/sprite_base_2.png using Guid(63087dc76e9cb1648a1f96939bcfcff0) Importer(815301076,1909f56bfc062723c751e8b465ee728b)  -> (artifact id: '44140e0a8602c93d83d0618f0f1ea41d') in 0.646614 seconds 
========================================================================
Received Import Request.
  Time since last request: 0.000047 seconds.
  path: Assets/Presets/sprite_base_slime.png
  artifactKey: Guid(757d346ae4dd27a4eaf425c1aac0899b) Importer(815301076,1909f56bfc062723c751e8b465ee728b)
Start importing Assets/Presets/sprite_base_slime.png using Guid(757d346ae4dd27a4eaf425c1aac0899b) Importer(815301076,1909f56bfc062723c751e8b465ee728b)  -> (artifact id: 'd7fb3e1bc4c927503ab8d97eeb6d97e0') in 0.213507 seconds 
========================================================================
Received Import Request.
  Time since last request: 22.101663 seconds.
  path: Assets/Presets/sprite_base_2.png
  artifactKey: Guid(63087dc76e9cb1648a1f96939bcfcff0) Importer(815301076,1909f56bfc062723c751e8b465ee728b)
Start importing Assets/Presets/sprite_base_2.png using Guid(63087dc76e9cb1648a1f96939bcfcff0) Importer(815301076,1909f56bfc062723c751e8b465ee728b)  -> (artifact id: 'd6eadcb6b554abbe7275456db5b0d74e') in 0.057062 seconds 
========================================================================
Received Import Request.
  Time since last request: 49.902923 seconds.
  path: Assets/Presets/sprite_base_2.png
  artifactKey: Guid(63087dc76e9cb1648a1f96939bcfcff0) Importer(815301076,1909f56bfc062723c751e8b465ee728b)
Start importing Assets/Presets/sprite_base_2.png using Guid(63087dc76e9cb1648a1f96939bcfcff0) Importer(815301076,1909f56bfc062723c751e8b465ee728b)  -> (artifact id: '0ed89d4b4a9c3e6ed0cb21b3184dccd6') in 0.126616 seconds 
========================================================================
Received Import Request.
  Time since last request: 16.570548 seconds.
  path: Assets/Presets/sprite_base_slime.png
  artifactKey: Guid(757d346ae4dd27a4eaf425c1aac0899b) Importer(815301076,1909f56bfc062723c751e8b465ee728b)
Start importing Assets/Presets/sprite_base_slime.png using Guid(757d346ae4dd27a4eaf425c1aac0899b) Importer(815301076,1909f56bfc062723c751e8b465ee728b)  -> (artifact id: '5af4a622cf4fc653b6022debb62669dd') in 0.032231 seconds 
========================================================================
Received Import Request.
  Time since last request: 42.544493 seconds.
  path: Assets/Presets/sprite_base_slime.png
  artifactKey: Guid(757d346ae4dd27a4eaf425c1aac0899b) Importer(815301076,1909f56bfc062723c751e8b465ee728b)
Start importing Assets/Presets/sprite_base_slime.png using Guid(757d346ae4dd27a4eaf425c1aac0899b) Importer(815301076,1909f56bfc062723c751e8b465ee728b)  -> (artifact id: '97205d45a06ed2e48e006c744427988e') in 0.137594 seconds 
========================================================================
Received Import Request.
  Time since last request: 73.475944 seconds.
  path: Assets/Presets/Backgrounds
  artifactKey: Guid(a2cf2d36c6b19dd46870f7352000a256) Importer(815301076,1909f56bfc062723c751e8b465ee728b)
Start importing Assets/Presets/Backgrounds using Guid(a2cf2d36c6b19dd46870f7352000a256) Importer(815301076,1909f56bfc062723c751e8b465ee728b)  -> (artifact id: '68ce46b6295f2061ab5d84c27a00a756') in 0.010556 seconds 
========================================================================
Received Import Request.
  Time since last request: 188.243776 seconds.
  path: Assets/Presets/Backgrounds/banioBackground.png
  artifactKey: Guid(bd7c8103999a1a749b188dfab35a8212) Importer(815301076,1909f56bfc062723c751e8b465ee728b)
Start importing Assets/Presets/Backgrounds/banioBackground.png using Guid(bd7c8103999a1a749b188dfab35a8212) Importer(815301076,1909f56bfc062723c751e8b465ee728b)  -> (artifact id: '7413be252b8c5a1a49f27be8973fbb58') in 0.600377 seconds 
========================================================================
Received Import Request.
  Time since last request: 0.000088 seconds.
  path: Assets/Presets/Backgrounds/roomBackground.png
  artifactKey: Guid(91debb68e1ab67a4c99f829b2dde3465) Importer(815301076,1909f56bfc062723c751e8b465ee728b)
Start importing Assets/Presets/Backgrounds/roomBackground.png using Guid(91debb68e1ab67a4c99f829b2dde3465) Importer(815301076,1909f56bfc062723c751e8b465ee728b)  -> (artifact id: 'da886aba1d43237135d9314561f0a506') in 0.385456 seconds 
========================================================================
Received Import Request.
  Time since last request: 52.383621 seconds.
  path: Assets/Presets/Backgrounds/kitchenBackground.png
  artifactKey: Guid(8d4bb398fde2fe84fb283c71a08fca4c) Importer(815301076,1909f56bfc062723c751e8b465ee728b)
Start importing Assets/Presets/Backgrounds/kitchenBackground.png using Guid(8d4bb398fde2fe84fb283c71a08fca4c) Importer(815301076,1909f56bfc062723c751e8b465ee728b)  -> (artifact id: '6e041ae61bea228bd8b3df2216b9de24') in 0.228023 seconds 
========================================================================
Received Import Request.
  Time since last request: 0.000542 seconds.
  path: Assets/Presets/Backgrounds/roomBackground 1.png
  artifactKey: Guid(eb3fa617584bd114db750eee30c4d4cc) Importer(815301076,1909f56bfc062723c751e8b465ee728b)
Start importing Assets/Presets/Backgrounds/roomBackground 1.png using Guid(eb3fa617584bd114db750eee30c4d4cc) Importer(815301076,1909f56bfc062723c751e8b465ee728b)  -> (artifact id: '2d3ac14f30e59d14f15c7387f9f982d4') in 0.415773 seconds 
========================================================================
Received Import Request.
  Time since last request: 0.000039 seconds.
  path: Assets/Presets/Backgrounds/outBackground.png
  artifactKey: Guid(3c521a5ce96286946a7385b851a77968) Importer(815301076,1909f56bfc062723c751e8b465ee728b)
Start importing Assets/Presets/Backgrounds/outBackground.png using Guid(3c521a5ce96286946a7385b851a77968) Importer(815301076,1909f56bfc062723c751e8b465ee728b)  -> (artifact id: 'a9881468d13e6ec21fedc1e6b39592d7') in 0.427894 seconds 
========================================================================
Received Import Request.
  Time since last request: 0.000038 seconds.
  path: Assets/Presets/Backgrounds/stayBackground.png
  artifactKey: Guid(c3bf9f869b632fb49aa5fe924b954a5a) Importer(815301076,1909f56bfc062723c751e8b465ee728b)
Start importing Assets/Presets/Backgrounds/stayBackground.png using Guid(c3bf9f869b632fb49aa5fe924b954a5a) Importer(815301076,1909f56bfc062723c751e8b465ee728b)  -> (artifact id: 'c3891668f0d711564130fa655441bbb6') in 0.100471 seconds 
========================================================================
Received Import Request.
  Time since last request: 129.639664 seconds.
  path: Assets/Scenes/Cocina.unity
  artifactKey: Guid(cfc7d5502c57c7c4382a63a6eda081a0) Importer(815301076,1909f56bfc062723c751e8b465ee728b)
Start importing Assets/Scenes/Cocina.unity using Guid(cfc7d5502c57c7c4382a63a6eda081a0) Importer(815301076,1909f56bfc062723c751e8b465ee728b)  -> (artifact id: '5ca836115c2cfbe56f06fe12c96d670b') in 0.013924 seconds 
========================================================================
Received Import Request.
  Time since last request: 47.688317 seconds.
  path: Assets/Scenes/Banio.unity
  artifactKey: Guid(afb8bd32ae8103a4c8237e5bf03bd54c) Importer(815301076,1909f56bfc062723c751e8b465ee728b)
Start importing Assets/Scenes/Banio.unity using Guid(afb8bd32ae8103a4c8237e5bf03bd54c) Importer(815301076,1909f56bfc062723c751e8b465ee728b)  -> (artifact id: 'd2af4a52a21fd6a4f4d4470bb5159025') in 0.011270 seconds 
========================================================================
Received Import Request.
  Time since last request: 0.831879 seconds.
  path: Assets/Scenes/Cocina.unity
  artifactKey: Guid(cfc7d5502c57c7c4382a63a6eda081a0) Importer(815301076,1909f56bfc062723c751e8b465ee728b)
Start importing Assets/Scenes/Cocina.unity using Guid(cfc7d5502c57c7c4382a63a6eda081a0) Importer(815301076,1909f56bfc062723c751e8b465ee728b)  -> (artifact id: 'f3a6150d3eaf64018e8a20ca49193fd5') in 0.004139 seconds 
========================================================================
Received Import Request.
  Time since last request: 1.457698 seconds.
  path: Assets/Scenes/Dormitorio.unity
  artifactKey: Guid(2cda990e2423bbf4892e6590ba056729) Importer(815301076,1909f56bfc062723c751e8b465ee728b)
Start importing Assets/Scenes/Dormitorio.unity using Guid(2cda990e2423bbf4892e6590ba056729) Importer(815301076,1909f56bfc062723c751e8b465ee728b)  -> (artifact id: '2c48b3c91091dcbaa0da9568553024d6') in 0.004112 seconds 
========================================================================
Received Import Request.
  Time since last request: 126.509750 seconds.
  path: Assets/Scenes/Exterior.unity
  artifactKey: Guid(588a83330c7e2d64a8df9ce731db2ab8) Importer(815301076,1909f56bfc062723c751e8b465ee728b)
Start importing Assets/Scenes/Exterior.unity using Guid(588a83330c7e2d64a8df9ce731db2ab8) Importer(815301076,1909f56bfc062723c751e8b465ee728b)  -> (artifact id: '3448ffa03bb22345a12e6a0c3f33d8d3') in 0.013087 seconds 
========================================================================
Received Import Request.
  Time since last request: 13.674874 seconds.
  path: Assets/Scenes/Exterior.unity
  artifactKey: Guid(588a83330c7e2d64a8df9ce731db2ab8) Importer(815301076,1909f56bfc062723c751e8b465ee728b)
Start importing Assets/Scenes/Exterior.unity using Guid(588a83330c7e2d64a8df9ce731db2ab8) Importer(815301076,1909f56bfc062723c751e8b465ee728b)  -> (artifact id: '273cbecc106334886f11d48efff02ea3') in 0.005004 seconds 
========================================================================
Received Import Request.
  Time since last request: 14.042654 seconds.
  path: Assets/Scenes/Exterior.unity
  artifactKey: Guid(588a83330c7e2d64a8df9ce731db2ab8) Importer(815301076,1909f56bfc062723c751e8b465ee728b)
Start importing Assets/Scenes/Exterior.unity using Guid(588a83330c7e2d64a8df9ce731db2ab8) Importer(815301076,1909f56bfc062723c751e8b465ee728b)  -> (artifact id: '784612bb30e88524e8a029f667155aec') in 0.004376 seconds 
========================================================================
Received Import Request.
  Time since last request: 1.941629 seconds.
  path: Assets/Scenes/MainMenu.unity
  artifactKey: Guid(9ab80823bf9a97d4db8af486276fced1) Importer(815301076,1909f56bfc062723c751e8b465ee728b)
Start importing Assets/Scenes/MainMenu.unity using Guid(9ab80823bf9a97d4db8af486276fced1) Importer(815301076,1909f56bfc062723c751e8b465ee728b)  -> (artifact id: '3518d7c488106bda4e3050bddc1f11cc') in 0.003458 seconds 
========================================================================
Received Prepare
Registering precompiled user dll's ...
Registered in 0.014433 seconds.
Begin MonoManager ReloadAssembly
Symbol file LoadedFromMemory doesn't match image C:\Users\j_air\UnityProjects\Prueba\Library\PackageCache\com.unity.visualscripting@1.7.8\Editor\VisualScripting.Core\Dependencies\YamlDotNet\Unity.VisualScripting.YamlDotNet.dll
Symbol file LoadedFromMemory doesn't match image C:\Users\j_air\UnityProjects\Prueba\Library\PackageCache\com.unity.visualscripting@1.7.8\Editor\VisualScripting.Core\Dependencies\DotNetZip\Unity.VisualScripting.IonicZip.dll
Native extension for WindowsStandalone target not found
Native extension for WebGL target not found
Refreshing native plugins compatible for Editor in 2.13 ms, found 4 plugins.
Preloading 0 native plugins for Editor in 0.00 ms.
Mono: successfully reloaded assembly
- Completed reload, in  3.660 seconds
Domain Reload Profiling:
	ReloadAssembly (3663ms)
		BeginReloadAssembly (388ms)
			ExecutionOrderSort (0ms)
			DisableScriptedObjects (16ms)
			BackupInstance (0ms)
			ReleaseScriptingObjects (0ms)
			CreateAndSetChildDomain (105ms)
		EndReloadAssembly (2881ms)
			LoadAssemblies (292ms)
			RebuildTransferFunctionScriptingTraits (0ms)
			SetupTypeCache (860ms)
			ReleaseScriptCaches (6ms)
			RebuildScriptCaches (203ms)
			SetupLoadedEditorAssemblies (1346ms)
				LogAssemblyErrors (0ms)
				InitializePlatformSupportModulesInManaged (45ms)
				SetLoadedEditorAssemblies (1ms)
				RefreshPlugins (2ms)
				BeforeProcessingInitializeOnLoad (250ms)
				ProcessInitializeOnLoadAttributes (862ms)
				ProcessInitializeOnLoadMethodAttributes (133ms)
				AfterProcessingInitializeOnLoad (44ms)
				EditorAssembliesLoaded (9ms)
			ExecutionOrderSort2 (0ms)
			AwakeInstancesAfterBackupRestoration (46ms)
Platform modules already initialized, skipping
Refreshing native plugins compatible for Editor in 7.39 ms, found 4 plugins.
Preloading 0 native plugins for Editor in 0.00 ms.
Unloading 4063 Unused Serialized files (Serialized files now loaded: 0)
Unloading 31 unused Assets / (190.0 KB). Loaded Objects now: 4568.
Memory consumption went from 156.5 MB to 156.3 MB.
Total: 9.838600 ms (FindLiveObjects: 1.237600 ms CreateObjectMapping: 0.556400 ms MarkObjects: 7.650700 ms  DeleteObjects: 0.391900 ms)

AssetImportParameters requested are different than current active one (requested -> active):
  custom:video-decoder-ogg-theora: a1e56fd34408186e4bbccfd4996cb3dc -> 
  custom:container-muxer-webm: aa71ff27fc2769a1b78a27578f13a17b -> 
  custom:container-demuxer-webm: 4f35f7cbe854078d1ac9338744f61a02 -> 
  custom:video-encoder-webm-vp8: eb34c28f22e8b96e1ab97ce403110664 -> 
  custom:audio-encoder-webm-vorbis: bf7c407c2cedff20999df2af8eb42d56 -> 
  custom:framework-win-MediaFoundation: 216162199b28c13a410421893ffa2e32 -> 
  custom:container-demuxer-ogg: 62fdf1f143b41e24485cea50d1cbac27 -> 
  custom:video-decoder-webm-vp8: 9c59270c3fd7afecdb556c50c9e8de78 -> 
  custom:audio-decoder-ogg-vorbis: bf7c407c2cedff20999df2af8eb42d56 -> 
========================================================================
Received Import Request.
  Time since last request: 176.068364 seconds.
  path: Assets/Presets/Characters
  artifactKey: Guid(cb567c5cf00a17941b37385bc9a6b205) Importer(815301076,1909f56bfc062723c751e8b465ee728b)
Start importing Assets/Presets/Characters using Guid(cb567c5cf00a17941b37385bc9a6b205) Importer(815301076,1909f56bfc062723c751e8b465ee728b)  -> (artifact id: 'c03534c9accb1e2e2d8a8fb7bf9f337b') in 0.024170 seconds 
========================================================================
Received Import Request.
  Time since last request: 37.656445 seconds.
  path: Assets/Animations/New Animation.anim
  artifactKey: Guid(c24c383cea0c46c4b9cb8a89b50b32b7) Importer(815301076,1909f56bfc062723c751e8b465ee728b)
Start importing Assets/Animations/New Animation.anim using Guid(c24c383cea0c46c4b9cb8a89b50b32b7) Importer(815301076,1909f56bfc062723c751e8b465ee728b)  -> (artifact id: '72d92892cfa36fd7453d4b6969f7fa09') in 0.045636 seconds 
========================================================================
Received Prepare
Registering precompiled user dll's ...
Registered in 0.017928 seconds.
Begin MonoManager ReloadAssembly
Symbol file LoadedFromMemory doesn't match image C:\Users\j_air\UnityProjects\Prueba\Library\PackageCache\com.unity.visualscripting@1.7.8\Editor\VisualScripting.Core\Dependencies\YamlDotNet\Unity.VisualScripting.YamlDotNet.dll
Symbol file LoadedFromMemory doesn't match image C:\Users\j_air\UnityProjects\Prueba\Library\PackageCache\com.unity.visualscripting@1.7.8\Editor\VisualScripting.Core\Dependencies\DotNetZip\Unity.VisualScripting.IonicZip.dll
Native extension for WindowsStandalone target not found
Native extension for WebGL target not found
Refreshing native plugins compatible for Editor in 1.05 ms, found 4 plugins.
Preloading 0 native plugins for Editor in 0.00 ms.
Mono: successfully reloaded assembly
- Completed reload, in  3.378 seconds
Domain Reload Profiling:
	ReloadAssembly (3379ms)
		BeginReloadAssembly (370ms)
			ExecutionOrderSort (0ms)
			DisableScriptedObjects (14ms)
			BackupInstance (0ms)
			ReleaseScriptingObjects (0ms)
			CreateAndSetChildDomain (70ms)
		EndReloadAssembly (2632ms)
			LoadAssemblies (332ms)
			RebuildTransferFunctionScriptingTraits (0ms)
			SetupTypeCache (790ms)
			ReleaseScriptCaches (4ms)
			RebuildScriptCaches (158ms)
			SetupLoadedEditorAssemblies (1270ms)
				LogAssemblyErrors (0ms)
				InitializePlatformSupportModulesInManaged (44ms)
				SetLoadedEditorAssemblies (1ms)
				RefreshPlugins (1ms)
				BeforeProcessingInitializeOnLoad (276ms)
				ProcessInitializeOnLoadAttributes (763ms)
				ProcessInitializeOnLoadMethodAttributes (143ms)
				AfterProcessingInitializeOnLoad (42ms)
				EditorAssembliesLoaded (1ms)
			ExecutionOrderSort2 (0ms)
			AwakeInstancesAfterBackupRestoration (33ms)
Platform modules already initialized, skipping
Refreshing native plugins compatible for Editor in 6.34 ms, found 4 plugins.
Preloading 0 native plugins for Editor in 0.00 ms.
Unloading 4063 Unused Serialized files (Serialized files now loaded: 0)
Unloading 31 unused Assets / (190.0 KB). Loaded Objects now: 4571.
Memory consumption went from 156.5 MB to 156.3 MB.
Total: 7.489400 ms (FindLiveObjects: 0.437100 ms CreateObjectMapping: 0.359800 ms MarkObjects: 6.480800 ms  DeleteObjects: 0.209700 ms)

AssetImportParameters requested are different than current active one (requested -> active):
  custom:video-decoder-ogg-theora: a1e56fd34408186e4bbccfd4996cb3dc -> 
  custom:container-muxer-webm: aa71ff27fc2769a1b78a27578f13a17b -> 
  custom:container-demuxer-webm: 4f35f7cbe854078d1ac9338744f61a02 -> 
  custom:video-encoder-webm-vp8: eb34c28f22e8b96e1ab97ce403110664 -> 
  custom:audio-encoder-webm-vorbis: bf7c407c2cedff20999df2af8eb42d56 -> 
  custom:framework-win-MediaFoundation: 216162199b28c13a410421893ffa2e32 -> 
  custom:container-demuxer-ogg: 62fdf1f143b41e24485cea50d1cbac27 -> 
  custom:video-decoder-webm-vp8: 9c59270c3fd7afecdb556c50c9e8de78 -> 
  custom:audio-decoder-ogg-vorbis: bf7c407c2cedff20999df2af8eb42d56 -> 
========================================================================
Received Import Request.
  Time since last request: 91.601784 seconds.
  path: Assets/Animations/Dragona.anim
  artifactKey: Guid(ee38b2319bdad724f8ee7862d694b121) Importer(815301076,1909f56bfc062723c751e8b465ee728b)
Start importing Assets/Animations/Dragona.anim using Guid(ee38b2319bdad724f8ee7862d694b121) Importer(815301076,1909f56bfc062723c751e8b465ee728b)  -> (artifact id: 'cf280251a34ecc07e7a6dcc44e4b8967') in 0.080844 seconds 
========================================================================
Received Prepare
Registering precompiled user dll's ...
Registered in 0.017053 seconds.
Begin MonoManager ReloadAssembly
Symbol file LoadedFromMemory doesn't match image C:\Users\j_air\UnityProjects\Prueba\Library\PackageCache\com.unity.visualscripting@1.7.8\Editor\VisualScripting.Core\Dependencies\YamlDotNet\Unity.VisualScripting.YamlDotNet.dll
Symbol file LoadedFromMemory doesn't match image C:\Users\j_air\UnityProjects\Prueba\Library\PackageCache\com.unity.visualscripting@1.7.8\Editor\VisualScripting.Core\Dependencies\DotNetZip\Unity.VisualScripting.IonicZip.dll
Native extension for WindowsStandalone target not found
Native extension for WebGL target not found
Refreshing native plugins compatible for Editor in 3.73 ms, found 4 plugins.
Preloading 0 native plugins for Editor in 0.00 ms.
Mono: successfully reloaded assembly
- Completed reload, in  3.649 seconds
Domain Reload Profiling:
	ReloadAssembly (3651ms)
		BeginReloadAssembly (365ms)
			ExecutionOrderSort (0ms)
			DisableScriptedObjects (16ms)
			BackupInstance (0ms)
			ReleaseScriptingObjects (0ms)
			CreateAndSetChildDomain (86ms)
		EndReloadAssembly (2855ms)
			LoadAssemblies (327ms)
			RebuildTransferFunctionScriptingTraits (0ms)
			SetupTypeCache (904ms)
			ReleaseScriptCaches (4ms)
			RebuildScriptCaches (190ms)
			SetupLoadedEditorAssemblies (1245ms)
				LogAssemblyErrors (0ms)
				InitializePlatformSupportModulesInManaged (52ms)
				SetLoadedEditorAssemblies (3ms)
				RefreshPlugins (4ms)
				BeforeProcessingInitializeOnLoad (261ms)
				ProcessInitializeOnLoadAttributes (801ms)
				ProcessInitializeOnLoadMethodAttributes (107ms)
				AfterProcessingInitializeOnLoad (17ms)
				EditorAssembliesLoaded (0ms)
			ExecutionOrderSort2 (0ms)
			AwakeInstancesAfterBackupRestoration (19ms)
Platform modules already initialized, skipping
Refreshing native plugins compatible for Editor in 8.60 ms, found 4 plugins.
Preloading 0 native plugins for Editor in 0.00 ms.
Unloading 4063 Unused Serialized files (Serialized files now loaded: 0)
Unloading 31 unused Assets / (190.1 KB). Loaded Objects now: 4574.
Memory consumption went from 156.5 MB to 156.3 MB.
Total: 8.309000 ms (FindLiveObjects: 0.475900 ms CreateObjectMapping: 0.412900 ms MarkObjects: 7.212600 ms  DeleteObjects: 0.205400 ms)

AssetImportParameters requested are different than current active one (requested -> active):
  custom:video-decoder-ogg-theora: a1e56fd34408186e4bbccfd4996cb3dc -> 
  custom:container-muxer-webm: aa71ff27fc2769a1b78a27578f13a17b -> 
  custom:container-demuxer-webm: 4f35f7cbe854078d1ac9338744f61a02 -> 
  custom:video-encoder-webm-vp8: eb34c28f22e8b96e1ab97ce403110664 -> 
  custom:audio-encoder-webm-vorbis: bf7c407c2cedff20999df2af8eb42d56 -> 
  custom:framework-win-MediaFoundation: 216162199b28c13a410421893ffa2e32 -> 
  custom:container-demuxer-ogg: 62fdf1f143b41e24485cea50d1cbac27 -> 
  custom:video-decoder-webm-vp8: 9c59270c3fd7afecdb556c50c9e8de78 -> 
  custom:audio-decoder-ogg-vorbis: bf7c407c2cedff20999df2af8eb42d56 -> 
========================================================================
Received Prepare
Registering precompiled user dll's ...
Registered in 0.013808 seconds.
Begin MonoManager ReloadAssembly
Symbol file LoadedFromMemory doesn't match image C:\Users\j_air\UnityProjects\Prueba\Library\PackageCache\com.unity.visualscripting@1.7.8\Editor\VisualScripting.Core\Dependencies\YamlDotNet\Unity.VisualScripting.YamlDotNet.dll
Symbol file LoadedFromMemory doesn't match image C:\Users\j_air\UnityProjects\Prueba\Library\PackageCache\com.unity.visualscripting@1.7.8\Editor\VisualScripting.Core\Dependencies\DotNetZip\Unity.VisualScripting.IonicZip.dll
Native extension for WindowsStandalone target not found
Native extension for WebGL target not found
Refreshing native plugins compatible for Editor in 3.00 ms, found 4 plugins.
Preloading 0 native plugins for Editor in 0.00 ms.
Mono: successfully reloaded assembly
- Completed reload, in  3.715 seconds
Domain Reload Profiling:
	ReloadAssembly (3716ms)
		BeginReloadAssembly (399ms)
			ExecutionOrderSort (0ms)
			DisableScriptedObjects (15ms)
			BackupInstance (0ms)
			ReleaseScriptingObjects (0ms)
			CreateAndSetChildDomain (82ms)
		EndReloadAssembly (2908ms)
			LoadAssemblies (352ms)
			RebuildTransferFunctionScriptingTraits (0ms)
			SetupTypeCache (946ms)
			ReleaseScriptCaches (7ms)
			RebuildScriptCaches (176ms)
			SetupLoadedEditorAssemblies (1285ms)
				LogAssemblyErrors (0ms)
				InitializePlatformSupportModulesInManaged (52ms)
				SetLoadedEditorAssemblies (1ms)
				RefreshPlugins (3ms)
				BeforeProcessingInitializeOnLoad (273ms)
				ProcessInitializeOnLoadAttributes (805ms)
				ProcessInitializeOnLoadMethodAttributes (124ms)
				AfterProcessingInitializeOnLoad (26ms)
				EditorAssembliesLoaded (0ms)
			ExecutionOrderSort2 (0ms)
			AwakeInstancesAfterBackupRestoration (28ms)
Platform modules already initialized, skipping
Refreshing native plugins compatible for Editor in 6.47 ms, found 4 plugins.
Preloading 0 native plugins for Editor in 0.00 ms.
Unloading 4063 Unused Serialized files (Serialized files now loaded: 0)
Unloading 31 unused Assets / (190.1 KB). Loaded Objects now: 4577.
Memory consumption went from 156.5 MB to 156.3 MB.
Total: 6.269000 ms (FindLiveObjects: 0.707300 ms CreateObjectMapping: 0.327600 ms MarkObjects: 5.051700 ms  DeleteObjects: 0.180300 ms)

AssetImportParameters requested are different than current active one (requested -> active):
  custom:video-decoder-ogg-theora: a1e56fd34408186e4bbccfd4996cb3dc -> 
  custom:container-muxer-webm: aa71ff27fc2769a1b78a27578f13a17b -> 
  custom:container-demuxer-webm: 4f35f7cbe854078d1ac9338744f61a02 -> 
  custom:video-encoder-webm-vp8: eb34c28f22e8b96e1ab97ce403110664 -> 
  custom:audio-encoder-webm-vorbis: bf7c407c2cedff20999df2af8eb42d56 -> 
  custom:framework-win-MediaFoundation: 216162199b28c13a410421893ffa2e32 -> 
  custom:container-demuxer-ogg: 62fdf1f143b41e24485cea50d1cbac27 -> 
  custom:video-decoder-webm-vp8: 9c59270c3fd7afecdb556c50c9e8de78 -> 
  custom:audio-decoder-ogg-vorbis: bf7c407c2cedff20999df2af8eb42d56 -> 
========================================================================
Received Import Request.
  Time since last request: 106.276000 seconds.
  path: Assets/Animations/slime.anim
  artifactKey: Guid(256dd4bf870337149ac3ed7d6c8a6385) Importer(815301076,1909f56bfc062723c751e8b465ee728b)
Start importing Assets/Animations/slime.anim using Guid(256dd4bf870337149ac3ed7d6c8a6385) Importer(815301076,1909f56bfc062723c751e8b465ee728b)  -> (artifact id: '796538d32bb4ff5a17e6267e8054627e') in 0.037192 seconds 
========================================================================
Received Prepare
Registering precompiled user dll's ...
Registered in 0.019175 seconds.
Begin MonoManager ReloadAssembly
Symbol file LoadedFromMemory doesn't match image C:\Users\j_air\UnityProjects\Prueba\Library\PackageCache\com.unity.visualscripting@1.7.8\Editor\VisualScripting.Core\Dependencies\YamlDotNet\Unity.VisualScripting.YamlDotNet.dll
Symbol file LoadedFromMemory doesn't match image C:\Users\j_air\UnityProjects\Prueba\Library\PackageCache\com.unity.visualscripting@1.7.8\Editor\VisualScripting.Core\Dependencies\DotNetZip\Unity.VisualScripting.IonicZip.dll
Native extension for WindowsStandalone target not found
Native extension for WebGL target not found
Refreshing native plugins compatible for Editor in 1.31 ms, found 4 plugins.
Preloading 0 native plugins for Editor in 0.00 ms.
Mono: successfully reloaded assembly
- Completed reload, in  3.997 seconds
Domain Reload Profiling:
	ReloadAssembly (3999ms)
		BeginReloadAssembly (438ms)
			ExecutionOrderSort (0ms)
			DisableScriptedObjects (12ms)
			BackupInstance (0ms)
			ReleaseScriptingObjects (0ms)
			CreateAndSetChildDomain (99ms)
		EndReloadAssembly (3155ms)
			LoadAssemblies (373ms)
			RebuildTransferFunctionScriptingTraits (0ms)
			SetupTypeCache (1014ms)
			ReleaseScriptCaches (5ms)
			RebuildScriptCaches (238ms)
			SetupLoadedEditorAssemblies (1394ms)
				LogAssemblyErrors (0ms)
				InitializePlatformSupportModulesInManaged (56ms)
				SetLoadedEditorAssemblies (2ms)
				RefreshPlugins (1ms)
				BeforeProcessingInitializeOnLoad (285ms)
				ProcessInitializeOnLoadAttributes (847ms)
				ProcessInitializeOnLoadMethodAttributes (169ms)
				AfterProcessingInitializeOnLoad (33ms)
				EditorAssembliesLoaded (0ms)
			ExecutionOrderSort2 (0ms)
			AwakeInstancesAfterBackupRestoration (35ms)
Platform modules already initialized, skipping
Refreshing native plugins compatible for Editor in 11.74 ms, found 4 plugins.
Preloading 0 native plugins for Editor in 0.00 ms.
Unloading 4063 Unused Serialized files (Serialized files now loaded: 0)
Unloading 31 unused Assets / (189.9 KB). Loaded Objects now: 4580.
Memory consumption went from 156.5 MB to 156.4 MB.
Total: 9.895200 ms (FindLiveObjects: 0.903300 ms CreateObjectMapping: 0.477500 ms MarkObjects: 8.313000 ms  DeleteObjects: 0.199100 ms)

AssetImportParameters requested are different than current active one (requested -> active):
  custom:video-decoder-ogg-theora: a1e56fd34408186e4bbccfd4996cb3dc -> 
  custom:container-muxer-webm: aa71ff27fc2769a1b78a27578f13a17b -> 
  custom:container-demuxer-webm: 4f35f7cbe854078d1ac9338744f61a02 -> 
  custom:video-encoder-webm-vp8: eb34c28f22e8b96e1ab97ce403110664 -> 
  custom:audio-encoder-webm-vorbis: bf7c407c2cedff20999df2af8eb42d56 -> 
  custom:framework-win-MediaFoundation: 216162199b28c13a410421893ffa2e32 -> 
  custom:container-demuxer-ogg: 62fdf1f143b41e24485cea50d1cbac27 -> 
  custom:video-decoder-webm-vp8: 9c59270c3fd7afecdb556c50c9e8de78 -> 
  custom:audio-decoder-ogg-vorbis: bf7c407c2cedff20999df2af8eb42d56 -> 
========================================================================
Received Prepare
Registering precompiled user dll's ...
Registered in 0.012049 seconds.
Begin MonoManager ReloadAssembly
Symbol file LoadedFromMemory doesn't match image C:\Users\j_air\UnityProjects\Prueba\Library\PackageCache\com.unity.visualscripting@1.7.8\Editor\VisualScripting.Core\Dependencies\YamlDotNet\Unity.VisualScripting.YamlDotNet.dll
Symbol file LoadedFromMemory doesn't match image C:\Users\j_air\UnityProjects\Prueba\Library\PackageCache\com.unity.visualscripting@1.7.8\Editor\VisualScripting.Core\Dependencies\DotNetZip\Unity.VisualScripting.IonicZip.dll
Native extension for WindowsStandalone target not found
Native extension for WebGL target not found
Refreshing native plugins compatible for Editor in 1.56 ms, found 4 plugins.
Preloading 0 native plugins for Editor in 0.00 ms.
Mono: successfully reloaded assembly
- Completed reload, in  3.823 seconds
Domain Reload Profiling:
	ReloadAssembly (3825ms)
		BeginReloadAssembly (393ms)
			ExecutionOrderSort (0ms)
			DisableScriptedObjects (16ms)
			BackupInstance (0ms)
			ReleaseScriptingObjects (0ms)
			CreateAndSetChildDomain (87ms)
		EndReloadAssembly (3050ms)
			LoadAssemblies (347ms)
			RebuildTransferFunctionScriptingTraits (0ms)
			SetupTypeCache (938ms)
			ReleaseScriptCaches (5ms)
			RebuildScriptCaches (175ms)
			SetupLoadedEditorAssemblies (1409ms)
				LogAssemblyErrors (0ms)
				InitializePlatformSupportModulesInManaged (49ms)
				SetLoadedEditorAssemblies (2ms)
				RefreshPlugins (2ms)
				BeforeProcessingInitializeOnLoad (292ms)
				ProcessInitializeOnLoadAttributes (931ms)
				ProcessInitializeOnLoadMethodAttributes (110ms)
				AfterProcessingInitializeOnLoad (23ms)
				EditorAssembliesLoaded (0ms)
			ExecutionOrderSort2 (0ms)
			AwakeInstancesAfterBackupRestoration (38ms)
Platform modules already initialized, skipping
Refreshing native plugins compatible for Editor in 6.77 ms, found 4 plugins.
Preloading 0 native plugins for Editor in 0.00 ms.
Unloading 4063 Unused Serialized files (Serialized files now loaded: 0)
Unloading 31 unused Assets / (189.8 KB). Loaded Objects now: 4583.
Memory consumption went from 156.5 MB to 156.4 MB.
Total: 9.312600 ms (FindLiveObjects: 0.449700 ms CreateObjectMapping: 0.421800 ms MarkObjects: 8.155000 ms  DeleteObjects: 0.283900 ms)

AssetImportParameters requested are different than current active one (requested -> active):
  custom:video-decoder-ogg-theora: a1e56fd34408186e4bbccfd4996cb3dc -> 
  custom:container-muxer-webm: aa71ff27fc2769a1b78a27578f13a17b -> 
  custom:container-demuxer-webm: 4f35f7cbe854078d1ac9338744f61a02 -> 
  custom:video-encoder-webm-vp8: eb34c28f22e8b96e1ab97ce403110664 -> 
  custom:audio-encoder-webm-vorbis: bf7c407c2cedff20999df2af8eb42d56 -> 
  custom:framework-win-MediaFoundation: 216162199b28c13a410421893ffa2e32 -> 
  custom:container-demuxer-ogg: 62fdf1f143b41e24485cea50d1cbac27 -> 
  custom:video-decoder-webm-vp8: 9c59270c3fd7afecdb556c50c9e8de78 -> 
  custom:audio-decoder-ogg-vorbis: bf7c407c2cedff20999df2af8eb42d56 -> 
========================================================================
Received Import Request.
  Time since last request: 90.524430 seconds.
  path: Assets/Saves/MascotaActual.json
  artifactKey: Guid(9a90b5f618f7a1e44aa52ce85aaa37fb) Importer(815301076,1909f56bfc062723c751e8b465ee728b)
Start importing Assets/Saves/MascotaActual.json using Guid(9a90b5f618f7a1e44aa52ce85aaa37fb) Importer(815301076,1909f56bfc062723c751e8b465ee728b)  -> (artifact id: 'b71c5f0fc10b24f121910f71218a0738') in 0.103564 seconds 
========================================================================
Received Import Request.
  Time since last request: 358.315957 seconds.
  path: Assets/Presets/Audios
  artifactKey: Guid(ba856563a8e473647b1ef7cd02e4f90b) Importer(815301076,1909f56bfc062723c751e8b465ee728b)
Start importing Assets/Presets/Audios using Guid(ba856563a8e473647b1ef7cd02e4f90b) Importer(815301076,1909f56bfc062723c751e8b465ee728b)  -> (artifact id: '63a2cbd59d780c3623e7d8b95900722a') in 0.011635 seconds 
========================================================================
Received Import Request.
  Time since last request: 228.920458 seconds.
  path: Assets/Presets/Audios/WhatsApp Audio 2022-08-25 at 7.10.25 PM.mpeg
  artifactKey: Guid(9fe374794f1b37c4ab4bfff6483d18e0) Importer(815301076,1909f56bfc062723c751e8b465ee728b)
Start importing Assets/Presets/Audios/WhatsApp Audio 2022-08-25 at 7.10.25 PM.mpeg using Guid(9fe374794f1b37c4ab4bfff6483d18e0) Importer(815301076,1909f56bfc062723c751e8b465ee728b)  -> (artifact id: 'eb434b707d0b03c39594e2a97cfe8acc') in 0.033536 seconds 
========================================================================
Received Import Request.
  Time since last request: 36.294164 seconds.
  path: Assets/Presets/Audios/Dragon Ball Z Soundtrack - Genkidama Theme.mp3
  artifactKey: Guid(98980b72707341047b008c7f8e989975) Importer(815301076,1909f56bfc062723c751e8b465ee728b)
Start importing Assets/Presets/Audios/Dragon Ball Z Soundtrack - Genkidama Theme.mp3 using Guid(98980b72707341047b008c7f8e989975) Importer(815301076,1909f56bfc062723c751e8b465ee728b)  -> (artifact id: 'fc0cd531795a786533e20afd265f4771') in 0.250081 seconds 
========================================================================
Received Import Request.
  Time since last request: 46.354954 seconds.
  path: Assets/Presets/Backgrounds/menu_provisional.png
  artifactKey: Guid(1edb3f78a2773d043bb8ae1ed9d66d8b) Importer(815301076,1909f56bfc062723c751e8b465ee728b)
Start importing Assets/Presets/Backgrounds/menu_provisional.png using Guid(1edb3f78a2773d043bb8ae1ed9d66d8b) Importer(815301076,1909f56bfc062723c751e8b465ee728b)  -> (artifact id: '0d9e792e50e0fb0b48c86a0122bc1e55') in 0.252972 seconds 
========================================================================
Received Prepare
Registering precompiled user dll's ...
Registered in 0.047233 seconds.
Begin MonoManager ReloadAssembly
Symbol file LoadedFromMemory doesn't match image C:\Users\j_air\UnityProjects\Prueba\Library\PackageCache\com.unity.visualscripting@1.7.8\Editor\VisualScripting.Core\Dependencies\YamlDotNet\Unity.VisualScripting.YamlDotNet.dll
Symbol file LoadedFromMemory doesn't match image C:\Users\j_air\UnityProjects\Prueba\Library\PackageCache\com.unity.visualscripting@1.7.8\Editor\VisualScripting.Core\Dependencies\DotNetZip\Unity.VisualScripting.IonicZip.dll
Native extension for WindowsStandalone target not found
Native extension for WebGL target not found
Refreshing native plugins compatible for Editor in 1.62 ms, found 4 plugins.
Preloading 0 native plugins for Editor in 0.00 ms.
Mono: successfully reloaded assembly
- Completed reload, in  5.893 seconds
Domain Reload Profiling:
	ReloadAssembly (5897ms)
		BeginReloadAssembly (462ms)
			ExecutionOrderSort (0ms)
			DisableScriptedObjects (24ms)
			BackupInstance (0ms)
			ReleaseScriptingObjects (0ms)
			CreateAndSetChildDomain (143ms)
		EndReloadAssembly (5001ms)
			LoadAssemblies (334ms)
			RebuildTransferFunctionScriptingTraits (0ms)
			SetupTypeCache (1835ms)
			ReleaseScriptCaches (3ms)
			RebuildScriptCaches (183ms)
			SetupLoadedEditorAssemblies (2306ms)
				LogAssemblyErrors (0ms)
				InitializePlatformSupportModulesInManaged (58ms)
				SetLoadedEditorAssemblies (2ms)
				RefreshPlugins (2ms)
				BeforeProcessingInitializeOnLoad (432ms)
				ProcessInitializeOnLoadAttributes (1644ms)
				ProcessInitializeOnLoadMethodAttributes (141ms)
				AfterProcessingInitializeOnLoad (28ms)
				EditorAssembliesLoaded (0ms)
			ExecutionOrderSort2 (0ms)
			AwakeInstancesAfterBackupRestoration (35ms)
Platform modules already initialized, skipping
Refreshing native plugins compatible for Editor in 5.55 ms, found 4 plugins.
Preloading 0 native plugins for Editor in 0.00 ms.
Unloading 4063 Unused Serialized files (Serialized files now loaded: 0)
Unloading 31 unused Assets / (190.1 KB). Loaded Objects now: 4591.
Memory consumption went from 156.6 MB to 156.4 MB.
Total: 4.647200 ms (FindLiveObjects: 0.507300 ms CreateObjectMapping: 0.312100 ms MarkObjects: 3.638800 ms  DeleteObjects: 0.186800 ms)

AssetImportParameters requested are different than current active one (requested -> active):
  custom:video-decoder-ogg-theora: a1e56fd34408186e4bbccfd4996cb3dc -> 
  custom:container-muxer-webm: aa71ff27fc2769a1b78a27578f13a17b -> 
  custom:container-demuxer-webm: 4f35f7cbe854078d1ac9338744f61a02 -> 
  custom:video-encoder-webm-vp8: eb34c28f22e8b96e1ab97ce403110664 -> 
  custom:audio-encoder-webm-vorbis: bf7c407c2cedff20999df2af8eb42d56 -> 
  custom:framework-win-MediaFoundation: 216162199b28c13a410421893ffa2e32 -> 
  custom:container-demuxer-ogg: 62fdf1f143b41e24485cea50d1cbac27 -> 
  custom:video-decoder-webm-vp8: 9c59270c3fd7afecdb556c50c9e8de78 -> 
  custom:audio-decoder-ogg-vorbis: bf7c407c2cedff20999df2af8eb42d56 -> 
========================================================================
Received Import Request.
  Time since last request: 287.231589 seconds.
  path: Assets/Presets/Backgrounds/facebook-f.png
  artifactKey: Guid(91a1ad34bf9a55442a2b00de0f832f57) Importer(815301076,1909f56bfc062723c751e8b465ee728b)
Start importing Assets/Presets/Backgrounds/facebook-f.png using Guid(91a1ad34bf9a55442a2b00de0f832f57) Importer(815301076,1909f56bfc062723c751e8b465ee728b)  -> (artifact id: '642dbbe83bd6eff427aa39edfc2dd863') in 0.152205 seconds 
========================================================================
Received Import Request.
  Time since last request: 82.526033 seconds.
  path: Assets/Presets/Backgrounds/f.png
  artifactKey: Guid(2c9f7c49e8e917e459ab3506d97de874) Importer(815301076,1909f56bfc062723c751e8b465ee728b)
Start importing Assets/Presets/Backgrounds/f.png using Guid(2c9f7c49e8e917e459ab3506d97de874) Importer(815301076,1909f56bfc062723c751e8b465ee728b)  -> (artifact id: '3c2f3dfc6e73f5991d84c7fb6f0d9eb3') in 0.161086 seconds 
========================================================================
Received Prepare
Registering precompiled user dll's ...
Registered in 0.015834 seconds.
Begin MonoManager ReloadAssembly
Symbol file LoadedFromMemory doesn't match image C:\Users\j_air\UnityProjects\Prueba\Library\PackageCache\com.unity.visualscripting@1.7.8\Editor\VisualScripting.Core\Dependencies\YamlDotNet\Unity.VisualScripting.YamlDotNet.dll
Symbol file LoadedFromMemory doesn't match image C:\Users\j_air\UnityProjects\Prueba\Library\PackageCache\com.unity.visualscripting@1.7.8\Editor\VisualScripting.Core\Dependencies\DotNetZip\Unity.VisualScripting.IonicZip.dll
Native extension for WindowsStandalone target not found
Native extension for WebGL target not found
Refreshing native plugins compatible for Editor in 6.55 ms, found 4 plugins.
Preloading 0 native plugins for Editor in 0.00 ms.
Mono: successfully reloaded assembly
- Completed reload, in  3.183 seconds
Domain Reload Profiling:
	ReloadAssembly (3185ms)
		BeginReloadAssembly (473ms)
			ExecutionOrderSort (0ms)
			DisableScriptedObjects (21ms)
			BackupInstance (0ms)
			ReleaseScriptingObjects (0ms)
			CreateAndSetChildDomain (124ms)
		EndReloadAssembly (2381ms)
			LoadAssemblies (339ms)
			RebuildTransferFunctionScriptingTraits (0ms)
			SetupTypeCache (671ms)
			ReleaseScriptCaches (3ms)
			RebuildScriptCaches (154ms)
			SetupLoadedEditorAssemblies (1153ms)
				LogAssemblyErrors (0ms)
				InitializePlatformSupportModulesInManaged (52ms)
				SetLoadedEditorAssemblies (9ms)
				RefreshPlugins (7ms)
				BeforeProcessingInitializeOnLoad (261ms)
				ProcessInitializeOnLoadAttributes (679ms)
				ProcessInitializeOnLoadMethodAttributes (121ms)
				AfterProcessingInitializeOnLoad (25ms)
				EditorAssembliesLoaded (1ms)
			ExecutionOrderSort2 (0ms)
			AwakeInstancesAfterBackupRestoration (27ms)
Platform modules already initialized, skipping
Refreshing native plugins compatible for Editor in 7.04 ms, found 4 plugins.
Preloading 0 native plugins for Editor in 0.00 ms.
Unloading 4063 Unused Serialized files (Serialized files now loaded: 0)
Unloading 31 unused Assets / (190.0 KB). Loaded Objects now: 4599.
Memory consumption went from 156.6 MB to 156.5 MB.
Total: 8.431300 ms (FindLiveObjects: 0.511700 ms CreateObjectMapping: 0.701900 ms MarkObjects: 6.923900 ms  DeleteObjects: 0.291600 ms)

AssetImportParameters requested are different than current active one (requested -> active):
  custom:video-decoder-ogg-theora: a1e56fd34408186e4bbccfd4996cb3dc -> 
  custom:container-muxer-webm: aa71ff27fc2769a1b78a27578f13a17b -> 
  custom:container-demuxer-webm: 4f35f7cbe854078d1ac9338744f61a02 -> 
  custom:video-encoder-webm-vp8: eb34c28f22e8b96e1ab97ce403110664 -> 
  custom:audio-encoder-webm-vorbis: bf7c407c2cedff20999df2af8eb42d56 -> 
  custom:framework-win-MediaFoundation: 216162199b28c13a410421893ffa2e32 -> 
  custom:container-demuxer-ogg: 62fdf1f143b41e24485cea50d1cbac27 -> 
  custom:video-decoder-webm-vp8: 9c59270c3fd7afecdb556c50c9e8de78 -> 
  custom:audio-decoder-ogg-vorbis: bf7c407c2cedff20999df2af8eb42d56 -> 
========================================================================
Received Import Request.
  Time since last request: 143.271639 seconds.
  path: Assets/Saves/MascotaActual.json
  artifactKey: Guid(9a90b5f618f7a1e44aa52ce85aaa37fb) Importer(815301076,1909f56bfc062723c751e8b465ee728b)
Start importing Assets/Saves/MascotaActual.json using Guid(9a90b5f618f7a1e44aa52ce85aaa37fb) Importer(815301076,1909f56bfc062723c751e8b465ee728b)  -> (artifact id: '0d0ed35aa00b8923194643751c51647a') in 0.027282 seconds 
========================================================================
Received Import Request.
  Time since last request: 8.488085 seconds.
  path: Assets/Scenes/Dormitorio.unity
  artifactKey: Guid(2cda990e2423bbf4892e6590ba056729) Importer(815301076,1909f56bfc062723c751e8b465ee728b)
Start importing Assets/Scenes/Dormitorio.unity using Guid(2cda990e2423bbf4892e6590ba056729) Importer(815301076,1909f56bfc062723c751e8b465ee728b)  -> (artifact id: 'a5fedfc584a2f5557a0e15730a7f0f19') in 0.005647 seconds 
========================================================================
Received Prepare
Registering precompiled user dll's ...
Registered in 0.015951 seconds.
Begin MonoManager ReloadAssembly
Symbol file LoadedFromMemory doesn't match image C:\Users\j_air\UnityProjects\Prueba\Library\PackageCache\com.unity.visualscripting@1.7.8\Editor\VisualScripting.Core\Dependencies\YamlDotNet\Unity.VisualScripting.YamlDotNet.dll
Symbol file LoadedFromMemory doesn't match image C:\Users\j_air\UnityProjects\Prueba\Library\PackageCache\com.unity.visualscripting@1.7.8\Editor\VisualScripting.Core\Dependencies\DotNetZip\Unity.VisualScripting.IonicZip.dll
Native extension for WindowsStandalone target not found
Native extension for WebGL target not found
Refreshing native plugins compatible for Editor in 1.37 ms, found 4 plugins.
Preloading 0 native plugins for Editor in 0.00 ms.
Mono: successfully reloaded assembly
- Completed reload, in  3.528 seconds
Domain Reload Profiling:
	ReloadAssembly (3530ms)
		BeginReloadAssembly (400ms)
			ExecutionOrderSort (0ms)
			DisableScriptedObjects (13ms)
			BackupInstance (0ms)
			ReleaseScriptingObjects (0ms)
			CreateAndSetChildDomain (134ms)
		EndReloadAssembly (2796ms)
			LoadAssemblies (286ms)
			RebuildTransferFunctionScriptingTraits (0ms)
			SetupTypeCache (879ms)
			ReleaseScriptCaches (3ms)
			RebuildScriptCaches (160ms)
			SetupLoadedEditorAssemblies (1276ms)
				LogAssemblyErrors (0ms)
				InitializePlatformSupportModulesInManaged (46ms)
				SetLoadedEditorAssemblies (2ms)
				RefreshPlugins (2ms)
				BeforeProcessingInitializeOnLoad (276ms)
				ProcessInitializeOnLoadAttributes (762ms)
				ProcessInitializeOnLoadMethodAttributes (159ms)
				AfterProcessingInitializeOnLoad (30ms)
				EditorAssembliesLoaded (0ms)
			ExecutionOrderSort2 (0ms)
			AwakeInstancesAfterBackupRestoration (30ms)
Platform modules already initialized, skipping
Refreshing native plugins compatible for Editor in 7.27 ms, found 4 plugins.
Preloading 0 native plugins for Editor in 0.00 ms.
Unloading 4063 Unused Serialized files (Serialized files now loaded: 0)
Unloading 31 unused Assets / (189.9 KB). Loaded Objects now: 4602.
Memory consumption went from 156.7 MB to 156.5 MB.
Total: 7.901400 ms (FindLiveObjects: 0.584500 ms CreateObjectMapping: 0.455000 ms MarkObjects: 6.525600 ms  DeleteObjects: 0.334300 ms)

AssetImportParameters requested are different than current active one (requested -> active):
  custom:video-decoder-ogg-theora: a1e56fd34408186e4bbccfd4996cb3dc -> 
  custom:container-muxer-webm: aa71ff27fc2769a1b78a27578f13a17b -> 
  custom:container-demuxer-webm: 4f35f7cbe854078d1ac9338744f61a02 -> 
  custom:video-encoder-webm-vp8: eb34c28f22e8b96e1ab97ce403110664 -> 
  custom:audio-encoder-webm-vorbis: bf7c407c2cedff20999df2af8eb42d56 -> 
  custom:framework-win-MediaFoundation: 216162199b28c13a410421893ffa2e32 -> 
  custom:container-demuxer-ogg: 62fdf1f143b41e24485cea50d1cbac27 -> 
  custom:video-decoder-webm-vp8: 9c59270c3fd7afecdb556c50c9e8de78 -> 
  custom:audio-decoder-ogg-vorbis: bf7c407c2cedff20999df2af8eb42d56 -> 
